<?xml version="1.0" encoding="UTF-8"?>
<testsuite name="PhoneBookTest" tests="1" skipped="0" failures="0" errors="0" timestamp="2022-07-18T04:07:53" hostname="OT" time="19.498">
  <properties/>
  <testcase name="start" classname="PhoneBookTest" time="19.498"/>
  <system-out><![CDATA[?[1;31m
Start test 1?[0m
Start searching (linear search)...
Found 500 / 500. Time taken: 0 min. 2 sec. 320 ms.

Start searching (bubble sort + jump search)...
Found 500 / 500 entries. Time taken: 0 min. 15 sec. 754 ms.
Sorting time: 0 min. 15 sec. 729 ms.
Searching time: 0 min. 0 sec. 25 ms.

Start searching (quick sort + binary search)...
Found 500 / 500 entries. Time taken: 0 min. 0 sec. 650 ms.
Sorting time: 0 min. 0 sec. 649 ms.
Searching time: 0 min. 0 sec. 1 ms.

Start searching (hash table)...
Found 500 / 500 entries. Time taken: 0 min. 0 sec. 207 ms.
Creating time: 0 min. 0 sec. 207 ms.
Searching time: 0 min. 0 sec. 0 ms.
]]></system-out>
  <system-err><![CDATA[]]></system-err>
</testsuite>
